<?xml version="1.0" encoding="UTF-8"?>
<testng-results ignored="1" total="2" passed="1" failed="0" skipped="0">
  <reporter-output>
  </reporter-output>
  <suite started-at="2024-11-11T18:57:07 EET" name="Default suite" finished-at="2024-11-11T18:57:21 EET" duration-ms="14149">
    <groups>
    </groups>
    <test started-at="2024-11-11T18:57:07 EET" name="Default test" finished-at="2024-11-11T18:57:21 EET" duration-ms="14149">
      <class name="MyTestCase">
        <test-method is-config="true" signature="MySetup()[pri:0, instance:MyTestCase@1cdc4c27]" started-at="2024-11-11T18:57:07 EET" name="MySetup" finished-at="2024-11-11T18:57:21 EET" duration-ms="14005" status="PASS">
          <reporter-output>
          </reporter-output>
        </test-method> <!-- MySetup -->
        <test-method signature="RadioButtons()[pri:1, instance:MyTestCase@1cdc4c27]" started-at="2024-11-11T18:57:21 EET" name="RadioButtons" finished-at="2024-11-11T18:57:21 EET" duration-ms="117" status="PASS">
          <reporter-output>
          </reporter-output>
        </test-method> <!-- RadioButtons -->
      </class> <!-- MyTestCase -->
    </test> <!-- Default test -->
  </suite> <!-- Default suite -->
</testng-results>
